<?xml version="1.0" encoding="UTF-8"?>
<testsuite xmlns:xsi="http://www.w3.org/2001/XMLSchema-instance" xsi:noNamespaceSchemaLocation="https://maven.apache.org/surefire/maven-surefire-plugin/xsd/surefire-test-report.xsd" name="com.mycompany.maven.HelloAppTest" time="1.494" tests="5" errors="0" skipped="0" failures="0">
  <properties>
[...]
</properties>
  <testcase name="testMain" classname="com.mycompany.maven.HelloAppTest" time="1.347"/>
  <testcase name="classInstanceForCodeCoverageTest" classname="com.mycompany.maven.HelloAppTest" time="0.001"/>
  <testcase name="testBogusArgument" classname="com.mycompany.maven.HelloAppTest" time="0.027"/>
  <testcase name="testDefaultArgument" classname="com.mycompany.maven.HelloAppTest" time="0.041"/>
  <testcase name="testTooHighArgument" classname="com.mycompany.maven.HelloAppTest" time="0.007"/>
</testsuite>